<?xml version="1.0" encoding="UTF-8"?>
<!-- Generated by org.testng.reporters.JUnitReportReporter -->
<testsuite skipped="0" hostname="ADMINRG-HOGS0SO" name="com.nexttech.testrunner.TestRunnerNG$Testrunner" tests="2" failures="0" timestamp="01 Sep 2020 05:07:03 GMT" time="27.119" errors="0">
  <testcase name="feature" time="14.514" classname="com.nexttech.testrunner.TestRunnerNG$Testrunner"/>
  <testcase name="feature" time="12.605" classname="com.nexttech.testrunner.TestRunnerNG$Testrunner"/>
</testsuite> <!-- com.nexttech.testrunner.TestRunnerNG$Testrunner -->
