<?xml version="1.0" encoding="UTF-8"?>
<!-- Generated by org.testng.reporters.JUnitReportReporter -->
<testsuite skipped="0" hostname="ADMINRG-HOGS0SO" name="com.nexttech.testrunner.TestRunner" tests="3" failures="0" timestamp="23 Jul 2020 03:29:26 GMT" time="0.232" errors="0">
  <testcase name="feature" time="0.038" classname="com.nexttech.testrunner.TestRunner"/>
  <testcase name="feature" time="0.018" classname="com.nexttech.testrunner.TestRunner"/>
  <testcase name="feature" time="0.176" classname="com.nexttech.testrunner.TestRunner"/>
</testsuite> <!-- com.nexttech.testrunner.TestRunner -->
