<?xml version="1.0" encoding="UTF-8"?>
<!-- Generated by org.testng.reporters.JUnitReportReporter -->
<testsuite skipped="0" hostname="ADMINRG-HOGS0SO" name="com.nexttech.testrunner.TestRunnerNG" tests="3" failures="0" timestamp="23 Jul 2020 03:31:24 GMT" time="0.250" errors="0">
  <testcase name="feature" time="0.201" classname="com.nexttech.testrunner.TestRunnerNG"/>
  <testcase name="feature" time="0.017" classname="com.nexttech.testrunner.TestRunnerNG"/>
  <testcase name="feature" time="0.032" classname="com.nexttech.testrunner.TestRunnerNG"/>
</testsuite> <!-- com.nexttech.testrunner.TestRunnerNG -->
